Release 14.7 - xst P.20131013 (nt64)
Copyright (c) 1995-2013 Xilinx, Inc.  All rights reserved.
--> Parameter TMPDIR set to xst/projnav.tmp


Total REAL time to Xst completion: 0.00 secs
Total CPU time to Xst completion: 0.08 secs
 
--> Parameter xsthdpdir set to xst


Total REAL time to Xst completion: 0.00 secs
Total CPU time to Xst completion: 0.08 secs
 
--> Reading design: calculations.prj

TABLE OF CONTENTS
  1) Synthesis Options Summary
  2) HDL Parsing
  3) HDL Elaboration
  4) HDL Synthesis
       4.1) HDL Synthesis Report
  5) Advanced HDL Synthesis
       5.1) Advanced HDL Synthesis Report
  6) Low Level Synthesis
  7) Partition Report
  8) Design Summary
       8.1) Primitive and Black Box Usage
       8.2) Device utilization summary
       8.3) Partition Resource Summary
       8.4) Timing Report
            8.4.1) Clock Information
            8.4.2) Asynchronous Control Signals Information
            8.4.3) Timing Summary
            8.4.4) Timing Details
            8.4.5) Cross Clock Domains Report


=========================================================================
*                      Synthesis Options Summary                        *
=========================================================================
---- Source Parameters
Input File Name                    : "calculations.prj"
Ignore Synthesis Constraint File   : NO

---- Target Parameters
Output File Name                   : "calculations"
Output Format                      : NGC
Target Device                      : xc7a100t-3-csg324

---- Source Options
Top Module Name                    : calculations
Automatic FSM Extraction           : YES
FSM Encoding Algorithm             : Auto
Safe Implementation                : No
FSM Style                          : LUT
RAM Extraction                     : Yes
RAM Style                          : Auto
ROM Extraction                     : Yes
Shift Register Extraction          : YES
ROM Style                          : Auto
Resource Sharing                   : YES
Asynchronous To Synchronous        : NO
Shift Register Minimum Size        : 2
Use DSP Block                      : Auto
Automatic Register Balancing       : No

---- Target Options
LUT Combining                      : Auto
Reduce Control Sets                : Auto
Add IO Buffers                     : YES
Global Maximum Fanout              : 100000
Add Generic Clock Buffer(BUFG)     : 32
Register Duplication               : YES
Optimize Instantiated Primitives   : NO
Use Clock Enable                   : Auto
Use Synchronous Set                : Auto
Use Synchronous Reset              : Auto
Pack IO Registers into IOBs        : Auto
Equivalent register Removal        : YES

---- General Options
Optimization Goal                  : Speed
Optimization Effort                : 1
Power Reduction                    : NO
Keep Hierarchy                     : No
Netlist Hierarchy                  : As_Optimized
RTL Output                         : Yes
Global Optimization                : AllClockNets
Read Cores                         : YES
Write Timing Constraints           : NO
Cross Clock Analysis               : NO
Hierarchy Separator                : /
Bus Delimiter                      : <>
Case Specifier                     : Maintain
Slice Utilization Ratio            : 100
BRAM Utilization Ratio             : 100
DSP48 Utilization Ratio            : 100
Auto BRAM Packing                  : NO
Slice Utilization Ratio Delta      : 5

=========================================================================


=========================================================================
*                          HDL Parsing                                  *
=========================================================================
Parsing VHDL file "H:\Semester 5\EL 203 - 4.5 - Embedded Hardware Designs\Project\Calculator\full_adder.vhd" into library work
Parsing entity <full_adder>.
Parsing architecture <Behavioral> of entity <full_adder>.
Parsing VHDL file "H:\Semester 5\EL 203 - 4.5 - Embedded Hardware Designs\Project\Calculator\fourbit_adder.vhd" into library work
Parsing entity <fourbit_adder>.
Parsing architecture <Behavioral> of entity <fourbit_adder>.
Parsing VHDL file "H:\Semester 5\EL 203 - 4.5 - Embedded Hardware Designs\Project\Calculator\thirtytwobit_adder.vhd" into library work
Parsing entity <thirtytwobit_adder>.
Parsing architecture <Behavioral> of entity <thirtytwobit_adder>.
Parsing VHDL file "H:\Semester 5\EL 203 - 4.5 - Embedded Hardware Designs\Project\Calculator\subtraction.vhd" into library work
Parsing entity <subtraction>.
Parsing architecture <Behavioral> of entity <subtraction>.
Parsing VHDL file "H:\Semester 5\EL 203 - 4.5 - Embedded Hardware Designs\Project\Calculator\multiplication.vhd" into library work
Parsing entity <multiplication>.
Parsing architecture <Behavioral> of entity <multiplication>.
Parsing VHDL file "H:\Semester 5\EL 203 - 4.5 - Embedded Hardware Designs\Project\Calculator\calculations.vhd" into library work
Parsing entity <calculations>.
Parsing architecture <Behavioral> of entity <calculations>.

=========================================================================
*                            HDL Elaboration                            *
=========================================================================

Elaborating entity <calculations> (architecture <Behavioral>) from library <work>.

Elaborating entity <thirtytwobit_adder> (architecture <Behavioral>) from library <work>.

Elaborating entity <fourbit_adder> (architecture <Behavioral>) from library <work>.

Elaborating entity <full_adder> (architecture <Behavioral>) from library <work>.

Elaborating entity <subtraction> (architecture <Behavioral>) from library <work>.
WARNING:HDLCompiler:92 - "H:\Semester 5\EL 203 - 4.5 - Embedded Hardware Designs\Project\Calculator\subtraction.vhd" Line 45: comp2 should be on the sensitivity list of the process
WARNING:HDLCompiler:92 - "H:\Semester 5\EL 203 - 4.5 - Embedded Hardware Designs\Project\Calculator\subtraction.vhd" Line 49: comp3 should be on the sensitivity list of the process

Elaborating entity <multiplication> (architecture <Behavioral>) from library <work>.
WARNING:HDLCompiler:1127 - "H:\Semester 5\EL 203 - 4.5 - Embedded Hardware Designs\Project\Calculator\multiplication.vhd" Line 43: Assignment to t11 ignored, since the identifier is never used
ERROR:HDLCompiler:410 - "H:\Semester 5\EL 203 - 4.5 - Embedded Hardware Designs\Project\Calculator\calculations.vhd" Line 60: Expression has 39 elements ; expected 32
Netlist calculations(Behavioral) remains a blackbox, due to errors in its contents
--> 

Total memory usage is 4491360 kilobytes

Number of errors   :    1 (   0 filtered)
Number of warnings :    3 (   0 filtered)
Number of infos    :    0 (   0 filtered)

